2025-06-23 17:29:01[[31merror[39m: Error: Found unexpected missing metadata on type "EmployeeUseCases". "EmployeeUseCases" constructor requires at least 1 arguments, found 0 instead.
Are you using @inject, @multiInject or @unmanaged decorators in every non optional constructor argument?

If you're using typescript and want to rely on auto injection, set "emitDecoratorMetadata" compiler option to true
    at validateConstructorMetadataArray (C:\MFBS\Trabajo\Learning\Clean-Architecture-Backend\node_modules\@inversifyjs\core\src\metadata\calculations\validateConstructorMetadataArray.ts:14:11)
    at getClassMetadata (C:\MFBS\Trabajo\Learning\Clean-Architecture-Backend\node_modules\@inversifyjs\core\src\metadata\calculations\getClassMetadata.ts:19:37)
    at BindToFluentSyntaxImplementation.to (C:\MFBS\Trabajo\Learning\Clean-Architecture-Backend\node_modules\@inversifyjs\container\src\binding\models\BindingFluentSyntaxImplementation.ts:127:58)
    at BindToFluentSyntaxImplementation.toSelf (C:\MFBS\Trabajo\Learning\Clean-Architecture-Backend\node_modules\@inversifyjs\container\src\binding\models\BindingFluentSyntaxImplementation.ts:157:17)
    at Object.<anonymous> (C:\MFBS\Trabajo\Learning\Clean-Architecture-Backend\src\shared\container.ts:35:52)
    at Module._compile (node:internal/modules/cjs/loader:1554:14)
    at Module.m._compile (C:\MFBS\Trabajo\Learning\Clean-Architecture-Backend\node_modules\ts-node\src\index.ts:1618:23)
    at node:internal/modules/cjs/loader:1706:10
    at Object.require.extensions.<computed> [as .ts] (C:\MFBS\Trabajo\Learning\Clean-Architecture-Backend\node_modules\ts-node\src\index.ts:1621:12)
    at Module.load (node:internal/modules/cjs/loader:1289:32)]
2025-06-23 17:31:30[[31merror[39m: Error: Found unexpected missing metadata on type "EmployeeUseCases". "EmployeeUseCases" constructor requires at least 1 arguments, found 0 instead.
Are you using @inject, @multiInject or @unmanaged decorators in every non optional constructor argument?

If you're using typescript and want to rely on auto injection, set "emitDecoratorMetadata" compiler option to true
    at validateConstructorMetadataArray (C:\MFBS\Trabajo\Learning\Clean-Architecture-Backend\node_modules\@inversifyjs\core\src\metadata\calculations\validateConstructorMetadataArray.ts:14:11)
    at getClassMetadata (C:\MFBS\Trabajo\Learning\Clean-Architecture-Backend\node_modules\@inversifyjs\core\src\metadata\calculations\getClassMetadata.ts:19:37)
    at BindToFluentSyntaxImplementation.to (C:\MFBS\Trabajo\Learning\Clean-Architecture-Backend\node_modules\@inversifyjs\container\src\binding\models\BindingFluentSyntaxImplementation.ts:127:58)
    at BindToFluentSyntaxImplementation.toSelf (C:\MFBS\Trabajo\Learning\Clean-Architecture-Backend\node_modules\@inversifyjs\container\src\binding\models\BindingFluentSyntaxImplementation.ts:157:17)
    at Object.<anonymous> (C:\MFBS\Trabajo\Learning\Clean-Architecture-Backend\src\shared\container.ts:35:52)
    at Module._compile (node:internal/modules/cjs/loader:1554:14)
    at Module.m._compile (C:\MFBS\Trabajo\Learning\Clean-Architecture-Backend\node_modules\ts-node\src\index.ts:1618:23)
    at node:internal/modules/cjs/loader:1706:10
    at Object.require.extensions.<computed> [as .ts] (C:\MFBS\Trabajo\Learning\Clean-Architecture-Backend\node_modules\ts-node\src\index.ts:1621:12)
    at Module.load (node:internal/modules/cjs/loader:1289:32)]
2025-06-23 17:32:11[[31merror[39m: Error: Found unexpected missing metadata on type "EmployeeUseCases". "EmployeeUseCases" constructor requires at least 1 arguments, found 0 instead.
Are you using @inject, @multiInject or @unmanaged decorators in every non optional constructor argument?

If you're using typescript and want to rely on auto injection, set "emitDecoratorMetadata" compiler option to true
    at validateConstructorMetadataArray (C:\MFBS\Trabajo\Learning\Clean-Architecture-Backend\node_modules\@inversifyjs\core\src\metadata\calculations\validateConstructorMetadataArray.ts:14:11)
    at getClassMetadata (C:\MFBS\Trabajo\Learning\Clean-Architecture-Backend\node_modules\@inversifyjs\core\src\metadata\calculations\getClassMetadata.ts:19:37)
    at BindToFluentSyntaxImplementation.to (C:\MFBS\Trabajo\Learning\Clean-Architecture-Backend\node_modules\@inversifyjs\container\src\binding\models\BindingFluentSyntaxImplementation.ts:127:58)
    at BindToFluentSyntaxImplementation.toSelf (C:\MFBS\Trabajo\Learning\Clean-Architecture-Backend\node_modules\@inversifyjs\container\src\binding\models\BindingFluentSyntaxImplementation.ts:157:17)
    at Object.<anonymous> (C:\MFBS\Trabajo\Learning\Clean-Architecture-Backend\src\shared\container.ts:35:52)
    at Module._compile (node:internal/modules/cjs/loader:1554:14)
    at Module.m._compile (C:\MFBS\Trabajo\Learning\Clean-Architecture-Backend\node_modules\ts-node\src\index.ts:1618:23)
    at node:internal/modules/cjs/loader:1706:10
    at Object.require.extensions.<computed> [as .ts] (C:\MFBS\Trabajo\Learning\Clean-Architecture-Backend\node_modules\ts-node\src\index.ts:1621:12)
    at Module.load (node:internal/modules/cjs/loader:1289:32)]
2025-06-23 17:37:27[[31merror[39m: Error: Found unexpected missing metadata on type "EmployeeUseCases". "EmployeeUseCases" constructor requires at least 1 arguments, found 0 instead.
Are you using @inject, @multiInject or @unmanaged decorators in every non optional constructor argument?

If you're using typescript and want to rely on auto injection, set "emitDecoratorMetadata" compiler option to true
    at validateConstructorMetadataArray (C:\MFBS\Trabajo\Learning\Clean-Architecture-Backend\node_modules\@inversifyjs\core\src\metadata\calculations\validateConstructorMetadataArray.ts:14:11)
    at getClassMetadata (C:\MFBS\Trabajo\Learning\Clean-Architecture-Backend\node_modules\@inversifyjs\core\src\metadata\calculations\getClassMetadata.ts:19:37)
    at BindToFluentSyntaxImplementation.to (C:\MFBS\Trabajo\Learning\Clean-Architecture-Backend\node_modules\@inversifyjs\container\src\binding\models\BindingFluentSyntaxImplementation.ts:127:58)
    at BindToFluentSyntaxImplementation.toSelf (C:\MFBS\Trabajo\Learning\Clean-Architecture-Backend\node_modules\@inversifyjs\container\src\binding\models\BindingFluentSyntaxImplementation.ts:157:17)
    at Object.<anonymous> (C:\MFBS\Trabajo\Learning\Clean-Architecture-Backend\src\shared\container.ts:35:52)
    at Module._compile (node:internal/modules/cjs/loader:1554:14)
    at Module.m._compile (C:\MFBS\Trabajo\Learning\Clean-Architecture-Backend\node_modules\ts-node\src\index.ts:1618:23)
    at node:internal/modules/cjs/loader:1706:10
    at Object.require.extensions.<computed> [as .ts] (C:\MFBS\Trabajo\Learning\Clean-Architecture-Backend\node_modules\ts-node\src\index.ts:1621:12)
    at Module.load (node:internal/modules/cjs/loader:1289:32)]
2025-06-23 18:14:40[[31merror[39m: Error: Found unexpected missing metadata on type "EmployeeUseCases". "EmployeeUseCases" constructor requires at least 1 arguments, found 0 instead.
Are you using @inject, @multiInject or @unmanaged decorators in every non optional constructor argument?

If you're using typescript and want to rely on auto injection, set "emitDecoratorMetadata" compiler option to true
    at validateConstructorMetadataArray (C:\MFBS\Trabajo\Learning\Clean-Architecture-Backend\node_modules\@inversifyjs\core\src\metadata\calculations\validateConstructorMetadataArray.ts:14:11)
    at getClassMetadata (C:\MFBS\Trabajo\Learning\Clean-Architecture-Backend\node_modules\@inversifyjs\core\src\metadata\calculations\getClassMetadata.ts:19:37)
    at BindToFluentSyntaxImplementation.to (C:\MFBS\Trabajo\Learning\Clean-Architecture-Backend\node_modules\@inversifyjs\container\src\binding\models\BindingFluentSyntaxImplementation.ts:127:58)
    at BindToFluentSyntaxImplementation.toSelf (C:\MFBS\Trabajo\Learning\Clean-Architecture-Backend\node_modules\@inversifyjs\container\src\binding\models\BindingFluentSyntaxImplementation.ts:157:17)
    at Object.<anonymous> (C:\MFBS\Trabajo\Learning\Clean-Architecture-Backend\src\shared\container.ts:35:52)
    at Module._compile (node:internal/modules/cjs/loader:1554:14)
    at Module.m._compile (C:\MFBS\Trabajo\Learning\Clean-Architecture-Backend\node_modules\ts-node\src\index.ts:1618:23)
    at node:internal/modules/cjs/loader:1706:10
    at Object.require.extensions.<computed> [as .ts] (C:\MFBS\Trabajo\Learning\Clean-Architecture-Backend\node_modules\ts-node\src\index.ts:1621:12)
    at Module.load (node:internal/modules/cjs/loader:1289:32)]
2025-06-23 18:30:50[[31merror[39m: Error: Found unexpected missing metadata on type "EmployeeUseCases". "EmployeeUseCases" constructor requires at least 1 arguments, found 0 instead.
Are you using @inject, @multiInject or @unmanaged decorators in every non optional constructor argument?

If you're using typescript and want to rely on auto injection, set "emitDecoratorMetadata" compiler option to true
    at validateConstructorMetadataArray (C:\MFBS\Trabajo\Learning\Clean-Architecture-Backend\node_modules\@inversifyjs\core\lib\cjs\metadata\calculations\validateConstructorMetadataArray.js:9:15)
    at getClassMetadata (C:\MFBS\Trabajo\Learning\Clean-Architecture-Backend\node_modules\@inversifyjs\core\lib\cjs\metadata\calculations\getClassMetadata.js:17:81)
    at BindToFluentSyntaxImplementation.to (C:\MFBS\Trabajo\Learning\Clean-Architecture-Backend\node_modules\@inversifyjs\container\lib\cjs\binding\models\BindingFluentSyntaxImplementation.js:62:59)
    at BindToFluentSyntaxImplementation.toSelf (C:\MFBS\Trabajo\Learning\Clean-Architecture-Backend\node_modules\@inversifyjs\container\lib\cjs\binding\models\BindingFluentSyntaxImplementation.js:85:21)
    at Object.<anonymous> (C:\MFBS\Trabajo\Learning\Clean-Architecture-Backend\dist\shared\container.js:31:53)
    at Module._compile (node:internal/modules/cjs/loader:1554:14)
    at Object..js (node:internal/modules/cjs/loader:1706:10)
    at Module.load (node:internal/modules/cjs/loader:1289:32)
    at Function._load (node:internal/modules/cjs/loader:1108:12)
    at TracingChannel.traceSync (node:diagnostics_channel:322:14)]
2025-06-23 18:33:31[[31merror[39m: Error: Found unexpected missing metadata on type "EmployeeUseCases". "EmployeeUseCases" constructor requires at least 1 arguments, found 0 instead.
Are you using @inject, @multiInject or @unmanaged decorators in every non optional constructor argument?

If you're using typescript and want to rely on auto injection, set "emitDecoratorMetadata" compiler option to true
    at validateConstructorMetadataArray (C:\MFBS\Trabajo\Learning\Clean-Architecture-Backend\node_modules\@inversifyjs\core\src\metadata\calculations\validateConstructorMetadataArray.ts:14:11)
    at getClassMetadata (C:\MFBS\Trabajo\Learning\Clean-Architecture-Backend\node_modules\@inversifyjs\core\src\metadata\calculations\getClassMetadata.ts:19:37)
    at BindToFluentSyntaxImplementation.to (C:\MFBS\Trabajo\Learning\Clean-Architecture-Backend\node_modules\@inversifyjs\container\src\binding\models\BindingFluentSyntaxImplementation.ts:127:58)
    at BindToFluentSyntaxImplementation.toSelf (C:\MFBS\Trabajo\Learning\Clean-Architecture-Backend\node_modules\@inversifyjs\container\src\binding\models\BindingFluentSyntaxImplementation.ts:157:17)
    at Object.<anonymous> (C:\MFBS\Trabajo\Learning\Clean-Architecture-Backend\src\shared\container.ts:35:52)
    at Module._compile (node:internal/modules/cjs/loader:1554:14)
    at Module.m._compile (C:\MFBS\Trabajo\Learning\Clean-Architecture-Backend\node_modules\ts-node\src\index.ts:1618:23)
    at node:internal/modules/cjs/loader:1706:10
    at Object.require.extensions.<computed> [as .ts] (C:\MFBS\Trabajo\Learning\Clean-Architecture-Backend\node_modules\ts-node\src\index.ts:1621:12)
    at Module.load (node:internal/modules/cjs/loader:1289:32)]
2025-06-23 18:34:13[[31merror[39m: Error: Found unexpected missing metadata on type "EmployeeUseCases". "EmployeeUseCases" constructor requires at least 1 arguments, found 0 instead.
Are you using @inject, @multiInject or @unmanaged decorators in every non optional constructor argument?

If you're using typescript and want to rely on auto injection, set "emitDecoratorMetadata" compiler option to true
    at validateConstructorMetadataArray (C:\MFBS\Trabajo\Learning\Clean-Architecture-Backend\node_modules\@inversifyjs\core\src\metadata\calculations\validateConstructorMetadataArray.ts:14:11)
    at getClassMetadata (C:\MFBS\Trabajo\Learning\Clean-Architecture-Backend\node_modules\@inversifyjs\core\src\metadata\calculations\getClassMetadata.ts:19:37)
    at BindToFluentSyntaxImplementation.to (C:\MFBS\Trabajo\Learning\Clean-Architecture-Backend\node_modules\@inversifyjs\container\src\binding\models\BindingFluentSyntaxImplementation.ts:127:58)
    at BindToFluentSyntaxImplementation.toSelf (C:\MFBS\Trabajo\Learning\Clean-Architecture-Backend\node_modules\@inversifyjs\container\src\binding\models\BindingFluentSyntaxImplementation.ts:157:17)
    at Object.<anonymous> (C:\MFBS\Trabajo\Learning\Clean-Architecture-Backend\src\shared\container.ts:35:52)
    at Module._compile (node:internal/modules/cjs/loader:1554:14)
    at Module.m._compile (C:\MFBS\Trabajo\Learning\Clean-Architecture-Backend\node_modules\ts-node\src\index.ts:1618:23)
    at node:internal/modules/cjs/loader:1706:10
    at Object.require.extensions.<computed> [as .ts] (C:\MFBS\Trabajo\Learning\Clean-Architecture-Backend\node_modules\ts-node\src\index.ts:1621:12)
    at Module.load (node:internal/modules/cjs/loader:1289:32)]
2025-06-23 18:37:46[[31merror[39m: Error: Found unexpected missing metadata on type "EmployeeUseCases". "EmployeeUseCases" constructor requires at least 1 arguments, found 0 instead.
Are you using @inject, @multiInject or @unmanaged decorators in every non optional constructor argument?

If you're using typescript and want to rely on auto injection, set "emitDecoratorMetadata" compiler option to true
    at validateConstructorMetadataArray (C:\MFBS\Trabajo\Learning\Clean-Architecture-Backend\node_modules\@inversifyjs\core\src\metadata\calculations\validateConstructorMetadataArray.ts:14:11)
    at getClassMetadata (C:\MFBS\Trabajo\Learning\Clean-Architecture-Backend\node_modules\@inversifyjs\core\src\metadata\calculations\getClassMetadata.ts:19:37)
    at BindToFluentSyntaxImplementation.to (C:\MFBS\Trabajo\Learning\Clean-Architecture-Backend\node_modules\@inversifyjs\container\src\binding\models\BindingFluentSyntaxImplementation.ts:127:58)
    at BindToFluentSyntaxImplementation.toSelf (C:\MFBS\Trabajo\Learning\Clean-Architecture-Backend\node_modules\@inversifyjs\container\src\binding\models\BindingFluentSyntaxImplementation.ts:157:17)
    at Object.<anonymous> (C:\MFBS\Trabajo\Learning\Clean-Architecture-Backend\src\shared\container.ts:35:52)
    at Module._compile (node:internal/modules/cjs/loader:1554:14)
    at Module.m._compile (C:\MFBS\Trabajo\Learning\Clean-Architecture-Backend\node_modules\ts-node\src\index.ts:1618:23)
    at node:internal/modules/cjs/loader:1706:10
    at Object.require.extensions.<computed> [as .ts] (C:\MFBS\Trabajo\Learning\Clean-Architecture-Backend\node_modules\ts-node\src\index.ts:1621:12)
    at Module.load (node:internal/modules/cjs/loader:1289:32)]
2025-06-23 18:38:25[[31merror[39m: Error: Found unexpected missing metadata on type "EmployeeUseCases". "EmployeeUseCases" constructor requires at least 1 arguments, found 0 instead.
Are you using @inject, @multiInject or @unmanaged decorators in every non optional constructor argument?

If you're using typescript and want to rely on auto injection, set "emitDecoratorMetadata" compiler option to true
    at validateConstructorMetadataArray (C:\MFBS\Trabajo\Learning\Clean-Architecture-Backend\node_modules\@inversifyjs\core\src\metadata\calculations\validateConstructorMetadataArray.ts:14:11)
    at getClassMetadata (C:\MFBS\Trabajo\Learning\Clean-Architecture-Backend\node_modules\@inversifyjs\core\src\metadata\calculations\getClassMetadata.ts:19:37)
    at BindToFluentSyntaxImplementation.to (C:\MFBS\Trabajo\Learning\Clean-Architecture-Backend\node_modules\@inversifyjs\container\src\binding\models\BindingFluentSyntaxImplementation.ts:127:58)
    at BindToFluentSyntaxImplementation.toSelf (C:\MFBS\Trabajo\Learning\Clean-Architecture-Backend\node_modules\@inversifyjs\container\src\binding\models\BindingFluentSyntaxImplementation.ts:157:17)
    at Object.<anonymous> (C:\MFBS\Trabajo\Learning\Clean-Architecture-Backend\src\shared\container.ts:35:52)
    at Module._compile (node:internal/modules/cjs/loader:1554:14)
    at Module.m._compile (C:\MFBS\Trabajo\Learning\Clean-Architecture-Backend\node_modules\ts-node\src\index.ts:1618:23)
    at node:internal/modules/cjs/loader:1706:10
    at Object.require.extensions.<computed> [as .ts] (C:\MFBS\Trabajo\Learning\Clean-Architecture-Backend\node_modules\ts-node\src\index.ts:1621:12)
    at Module.load (node:internal/modules/cjs/loader:1289:32)]
2025-06-23 18:39:08[[31merror[39m: Error: Found unexpected missing metadata on type "EmployeeUseCases". "EmployeeUseCases" constructor requires at least 1 arguments, found 0 instead.
Are you using @inject, @multiInject or @unmanaged decorators in every non optional constructor argument?

If you're using typescript and want to rely on auto injection, set "emitDecoratorMetadata" compiler option to true
    at validateConstructorMetadataArray (C:\MFBS\Trabajo\Learning\Clean-Architecture-Backend\node_modules\@inversifyjs\core\src\metadata\calculations\validateConstructorMetadataArray.ts:14:11)
    at getClassMetadata (C:\MFBS\Trabajo\Learning\Clean-Architecture-Backend\node_modules\@inversifyjs\core\src\metadata\calculations\getClassMetadata.ts:19:37)
    at BindToFluentSyntaxImplementation.to (C:\MFBS\Trabajo\Learning\Clean-Architecture-Backend\node_modules\@inversifyjs\container\src\binding\models\BindingFluentSyntaxImplementation.ts:127:58)
    at BindToFluentSyntaxImplementation.toSelf (C:\MFBS\Trabajo\Learning\Clean-Architecture-Backend\node_modules\@inversifyjs\container\src\binding\models\BindingFluentSyntaxImplementation.ts:157:17)
    at Object.<anonymous> (C:\MFBS\Trabajo\Learning\Clean-Architecture-Backend\src\shared\container.ts:35:52)
    at Module._compile (node:internal/modules/cjs/loader:1554:14)
    at Module.m._compile (C:\MFBS\Trabajo\Learning\Clean-Architecture-Backend\node_modules\ts-node\src\index.ts:1618:23)
    at node:internal/modules/cjs/loader:1706:10
    at Object.require.extensions.<computed> [as .ts] (C:\MFBS\Trabajo\Learning\Clean-Architecture-Backend\node_modules\ts-node\src\index.ts:1621:12)
    at Module.load (node:internal/modules/cjs/loader:1289:32)]
2025-06-23 18:39:38[[31merror[39m: Error: Found unexpected missing metadata on type "EmployeeUseCases". "EmployeeUseCases" constructor requires at least 1 arguments, found 0 instead.
Are you using @inject, @multiInject or @unmanaged decorators in every non optional constructor argument?

If you're using typescript and want to rely on auto injection, set "emitDecoratorMetadata" compiler option to true
    at validateConstructorMetadataArray (C:\MFBS\Trabajo\Learning\Clean-Architecture-Backend\node_modules\@inversifyjs\core\src\metadata\calculations\validateConstructorMetadataArray.ts:14:11)
    at getClassMetadata (C:\MFBS\Trabajo\Learning\Clean-Architecture-Backend\node_modules\@inversifyjs\core\src\metadata\calculations\getClassMetadata.ts:19:37)
    at BindToFluentSyntaxImplementation.to (C:\MFBS\Trabajo\Learning\Clean-Architecture-Backend\node_modules\@inversifyjs\container\src\binding\models\BindingFluentSyntaxImplementation.ts:127:58)
    at BindToFluentSyntaxImplementation.toSelf (C:\MFBS\Trabajo\Learning\Clean-Architecture-Backend\node_modules\@inversifyjs\container\src\binding\models\BindingFluentSyntaxImplementation.ts:157:17)
    at Object.<anonymous> (C:\MFBS\Trabajo\Learning\Clean-Architecture-Backend\src\shared\container.ts:35:52)
    at Module._compile (node:internal/modules/cjs/loader:1554:14)
    at Module.m._compile (C:\MFBS\Trabajo\Learning\Clean-Architecture-Backend\node_modules\ts-node\src\index.ts:1618:23)
    at node:internal/modules/cjs/loader:1706:10
    at Object.require.extensions.<computed> [as .ts] (C:\MFBS\Trabajo\Learning\Clean-Architecture-Backend\node_modules\ts-node\src\index.ts:1621:12)
    at Module.load (node:internal/modules/cjs/loader:1289:32)]
2025-06-23 18:39:53[[31merror[39m: Error: Found unexpected missing metadata on type "EmployeeUseCases". "EmployeeUseCases" constructor requires at least 1 arguments, found 0 instead.
Are you using @inject, @multiInject or @unmanaged decorators in every non optional constructor argument?

If you're using typescript and want to rely on auto injection, set "emitDecoratorMetadata" compiler option to true
    at validateConstructorMetadataArray (C:\MFBS\Trabajo\Learning\Clean-Architecture-Backend\node_modules\@inversifyjs\core\src\metadata\calculations\validateConstructorMetadataArray.ts:14:11)
    at getClassMetadata (C:\MFBS\Trabajo\Learning\Clean-Architecture-Backend\node_modules\@inversifyjs\core\src\metadata\calculations\getClassMetadata.ts:19:37)
    at BindToFluentSyntaxImplementation.to (C:\MFBS\Trabajo\Learning\Clean-Architecture-Backend\node_modules\@inversifyjs\container\src\binding\models\BindingFluentSyntaxImplementation.ts:127:58)
    at BindToFluentSyntaxImplementation.toSelf (C:\MFBS\Trabajo\Learning\Clean-Architecture-Backend\node_modules\@inversifyjs\container\src\binding\models\BindingFluentSyntaxImplementation.ts:157:17)
    at Object.<anonymous> (C:\MFBS\Trabajo\Learning\Clean-Architecture-Backend\src\shared\container.ts:35:52)
    at Module._compile (node:internal/modules/cjs/loader:1554:14)
    at Module.m._compile (C:\MFBS\Trabajo\Learning\Clean-Architecture-Backend\node_modules\ts-node\src\index.ts:1618:23)
    at node:internal/modules/cjs/loader:1706:10
    at Object.require.extensions.<computed> [as .ts] (C:\MFBS\Trabajo\Learning\Clean-Architecture-Backend\node_modules\ts-node\src\index.ts:1621:12)
    at Module.load (node:internal/modules/cjs/loader:1289:32)]
2025-06-23 18:44:07[[31merror[39m: Error: Found unexpected missing metadata on type "EmployeeUseCases". "EmployeeUseCases" constructor requires at least 1 arguments, found 0 instead.
Are you using @inject, @multiInject or @unmanaged decorators in every non optional constructor argument?

If you're using typescript and want to rely on auto injection, set "emitDecoratorMetadata" compiler option to true
    at validateConstructorMetadataArray (C:\MFBS\Trabajo\Learning\Clean-Architecture-Backend\node_modules\@inversifyjs\core\src\metadata\calculations\validateConstructorMetadataArray.ts:14:11)
    at getClassMetadata (C:\MFBS\Trabajo\Learning\Clean-Architecture-Backend\node_modules\@inversifyjs\core\src\metadata\calculations\getClassMetadata.ts:19:37)
    at BindToFluentSyntaxImplementation.to (C:\MFBS\Trabajo\Learning\Clean-Architecture-Backend\node_modules\@inversifyjs\container\src\binding\models\BindingFluentSyntaxImplementation.ts:127:58)
    at BindToFluentSyntaxImplementation.toSelf (C:\MFBS\Trabajo\Learning\Clean-Architecture-Backend\node_modules\@inversifyjs\container\src\binding\models\BindingFluentSyntaxImplementation.ts:157:17)
    at Object.<anonymous> (C:\MFBS\Trabajo\Learning\Clean-Architecture-Backend\src\shared\container.ts:35:52)
    at Module._compile (node:internal/modules/cjs/loader:1554:14)
    at Module.m._compile (C:\MFBS\Trabajo\Learning\Clean-Architecture-Backend\node_modules\ts-node\src\index.ts:1618:23)
    at node:internal/modules/cjs/loader:1706:10
    at Object.require.extensions.<computed> [as .ts] (C:\MFBS\Trabajo\Learning\Clean-Architecture-Backend\node_modules\ts-node\src\index.ts:1621:12)
    at Module.load (node:internal/modules/cjs/loader:1289:32)]
2025-06-23 18:47:41[[31merror[39m: Error: Found unexpected missing metadata on type "EmployeeUseCases". "EmployeeUseCases" constructor requires at least 1 arguments, found 0 instead.
Are you using @inject, @multiInject or @unmanaged decorators in every non optional constructor argument?

If you're using typescript and want to rely on auto injection, set "emitDecoratorMetadata" compiler option to true
    at validateConstructorMetadataArray (C:\MFBS\Trabajo\Learning\Clean-Architecture-Backend\node_modules\@inversifyjs\core\src\metadata\calculations\validateConstructorMetadataArray.ts:14:11)
    at getClassMetadata (C:\MFBS\Trabajo\Learning\Clean-Architecture-Backend\node_modules\@inversifyjs\core\src\metadata\calculations\getClassMetadata.ts:19:37)
    at BindToFluentSyntaxImplementation.to (C:\MFBS\Trabajo\Learning\Clean-Architecture-Backend\node_modules\@inversifyjs\container\src\binding\models\BindingFluentSyntaxImplementation.ts:127:58)
    at BindToFluentSyntaxImplementation.toSelf (C:\MFBS\Trabajo\Learning\Clean-Architecture-Backend\node_modules\@inversifyjs\container\src\binding\models\BindingFluentSyntaxImplementation.ts:157:17)
    at Object.<anonymous> (C:\MFBS\Trabajo\Learning\Clean-Architecture-Backend\src\shared\container.ts:35:52)
    at Module._compile (node:internal/modules/cjs/loader:1554:14)
    at Module.m._compile (C:\MFBS\Trabajo\Learning\Clean-Architecture-Backend\node_modules\ts-node\src\index.ts:1618:23)
    at node:internal/modules/cjs/loader:1706:10
    at Object.require.extensions.<computed> [as .ts] (C:\MFBS\Trabajo\Learning\Clean-Architecture-Backend\node_modules\ts-node\src\index.ts:1621:12)
    at Module.load (node:internal/modules/cjs/loader:1289:32)]
2025-06-23 18:59:21[[31merror[39m: Error: Found unexpected missing metadata on type "EmployeeUseCases". "EmployeeUseCases" constructor requires at least 1 arguments, found 0 instead.
Are you using @inject, @multiInject or @unmanaged decorators in every non optional constructor argument?

If you're using typescript and want to rely on auto injection, set "emitDecoratorMetadata" compiler option to true
    at validateConstructorMetadataArray (C:\MFBS\Trabajo\Learning\Clean-Architecture-Backend\node_modules\@inversifyjs\core\src\metadata\calculations\validateConstructorMetadataArray.ts:14:11)
    at getClassMetadata (C:\MFBS\Trabajo\Learning\Clean-Architecture-Backend\node_modules\@inversifyjs\core\src\metadata\calculations\getClassMetadata.ts:19:37)
    at BindToFluentSyntaxImplementation.to (C:\MFBS\Trabajo\Learning\Clean-Architecture-Backend\node_modules\@inversifyjs\container\src\binding\models\BindingFluentSyntaxImplementation.ts:127:58)
    at BindToFluentSyntaxImplementation.toSelf (C:\MFBS\Trabajo\Learning\Clean-Architecture-Backend\node_modules\@inversifyjs\container\src\binding\models\BindingFluentSyntaxImplementation.ts:157:17)
    at Object.<anonymous> (C:\MFBS\Trabajo\Learning\Clean-Architecture-Backend\src\shared\container.ts:35:52)
    at Module._compile (node:internal/modules/cjs/loader:1554:14)
    at Module.m._compile (C:\MFBS\Trabajo\Learning\Clean-Architecture-Backend\node_modules\ts-node\src\index.ts:1618:23)
    at node:internal/modules/cjs/loader:1706:10
    at Object.require.extensions.<computed> [as .ts] (C:\MFBS\Trabajo\Learning\Clean-Architecture-Backend\node_modules\ts-node\src\index.ts:1621:12)
    at Module.load (node:internal/modules/cjs/loader:1289:32)]
2025-06-23 19:04:12[[31merror[39m: Error: Found unexpected missing metadata on type "EmployeeUseCases". "EmployeeUseCases" constructor requires at least 1 arguments, found 0 instead.
Are you using @inject, @multiInject or @unmanaged decorators in every non optional constructor argument?

If you're using typescript and want to rely on auto injection, set "emitDecoratorMetadata" compiler option to true
    at validateConstructorMetadataArray (C:\MFBS\Trabajo\Learning\Clean-Architecture-Backend\node_modules\@inversifyjs\core\src\metadata\calculations\validateConstructorMetadataArray.ts:14:11)
    at getClassMetadata (C:\MFBS\Trabajo\Learning\Clean-Architecture-Backend\node_modules\@inversifyjs\core\src\metadata\calculations\getClassMetadata.ts:19:37)
    at BindToFluentSyntaxImplementation.to (C:\MFBS\Trabajo\Learning\Clean-Architecture-Backend\node_modules\@inversifyjs\container\src\binding\models\BindingFluentSyntaxImplementation.ts:127:58)
    at BindToFluentSyntaxImplementation.toSelf (C:\MFBS\Trabajo\Learning\Clean-Architecture-Backend\node_modules\@inversifyjs\container\src\binding\models\BindingFluentSyntaxImplementation.ts:157:17)
    at Object.<anonymous> (C:\MFBS\Trabajo\Learning\Clean-Architecture-Backend\src\shared\container.ts:35:52)
    at Module._compile (node:internal/modules/cjs/loader:1554:14)
    at Module.m._compile (C:\MFBS\Trabajo\Learning\Clean-Architecture-Backend\node_modules\ts-node\src\index.ts:1618:23)
    at node:internal/modules/cjs/loader:1706:10
    at Object.require.extensions.<computed> [as .ts] (C:\MFBS\Trabajo\Learning\Clean-Architecture-Backend\node_modules\ts-node\src\index.ts:1621:12)
    at Module.load (node:internal/modules/cjs/loader:1289:32)]
{"date":"Mon Jun 23 2025 19:12:34 GMT-0400 (hora de Venezuela)","error":{"kind":1},"exception":true,"level":"error","message":"uncaughtException: Found unexpected missing metadata on type \"EmployeeUseCases\". \"EmployeeUseCases\" constructor requires at least 1 arguments, found 0 instead.\nAre you using @inject, @multiInject or @unmanaged decorators in every non optional constructor argument?\n\nIf you're using typescript and want to rely on auto injection, set \"emitDecoratorMetadata\" compiler option to true\nError: Found unexpected missing metadata on type \"EmployeeUseCases\". \"EmployeeUseCases\" constructor requires at least 1 arguments, found 0 instead.\nAre you using @inject, @multiInject or @unmanaged decorators in every non optional constructor argument?\n\nIf you're using typescript and want to rely on auto injection, set \"emitDecoratorMetadata\" compiler option to true\n    at validateConstructorMetadataArray (C:\\MFBS\\Trabajo\\Learning\\Clean-Architecture-Backend\\node_modules\\@inversifyjs\\core\\src\\metadata\\calculations\\validateConstructorMetadataArray.ts:14:11)\n    at getClassMetadata (C:\\MFBS\\Trabajo\\Learning\\Clean-Architecture-Backend\\node_modules\\@inversifyjs\\core\\src\\metadata\\calculations\\getClassMetadata.ts:19:37)\n    at BindToFluentSyntaxImplementation.to (C:\\MFBS\\Trabajo\\Learning\\Clean-Architecture-Backend\\node_modules\\@inversifyjs\\container\\src\\binding\\models\\BindingFluentSyntaxImplementation.ts:127:58)\n    at BindToFluentSyntaxImplementation.toSelf (C:\\MFBS\\Trabajo\\Learning\\Clean-Architecture-Backend\\node_modules\\@inversifyjs\\container\\src\\binding\\models\\BindingFluentSyntaxImplementation.ts:157:17)\n    at Object.<anonymous> (C:\\MFBS\\Trabajo\\Learning\\Clean-Architecture-Backend\\src\\shared\\container.ts:35:52)\n    at Module._compile (node:internal/modules/cjs/loader:1554:14)\n    at Module.m._compile (C:\\MFBS\\Trabajo\\Learning\\Clean-Architecture-Backend\\node_modules\\ts-node\\src\\index.ts:1618:23)\n    at node:internal/modules/cjs/loader:1706:10\n    at Object.require.extensions.<computed> [as .ts] (C:\\MFBS\\Trabajo\\Learning\\Clean-Architecture-Backend\\node_modules\\ts-node\\src\\index.ts:1621:12)\n    at Module.load (node:internal/modules/cjs/loader:1289:32)","os":{"loadavg":[0,0,0],"uptime":986484.812},"process":{"argv":["C:\\MFBS\\Trabajo\\Learning\\Clean-Architecture-Backend\\node_modules\\ts-node\\dist\\bin.js","C:\\MFBS\\Trabajo\\Learning\\Clean-Architecture-Backend\\src\\index.ts"],"cwd":"C:\\MFBS\\Trabajo\\Learning\\Clean-Architecture-Backend","execPath":"C:\\Program Files\\nodejs\\node.exe","gid":null,"memoryUsage":{"arrayBuffers":4883603,"external":7968668,"heapTotal":189902848,"heapUsed":157881072,"rss":237109248},"pid":3116,"uid":null,"version":"v22.14.0"},"stack":"Error: Found unexpected missing metadata on type \"EmployeeUseCases\". \"EmployeeUseCases\" constructor requires at least 1 arguments, found 0 instead.\nAre you using @inject, @multiInject or @unmanaged decorators in every non optional constructor argument?\n\nIf you're using typescript and want to rely on auto injection, set \"emitDecoratorMetadata\" compiler option to true\n    at validateConstructorMetadataArray (C:\\MFBS\\Trabajo\\Learning\\Clean-Architecture-Backend\\node_modules\\@inversifyjs\\core\\src\\metadata\\calculations\\validateConstructorMetadataArray.ts:14:11)\n    at getClassMetadata (C:\\MFBS\\Trabajo\\Learning\\Clean-Architecture-Backend\\node_modules\\@inversifyjs\\core\\src\\metadata\\calculations\\getClassMetadata.ts:19:37)\n    at BindToFluentSyntaxImplementation.to (C:\\MFBS\\Trabajo\\Learning\\Clean-Architecture-Backend\\node_modules\\@inversifyjs\\container\\src\\binding\\models\\BindingFluentSyntaxImplementation.ts:127:58)\n    at BindToFluentSyntaxImplementation.toSelf (C:\\MFBS\\Trabajo\\Learning\\Clean-Architecture-Backend\\node_modules\\@inversifyjs\\container\\src\\binding\\models\\BindingFluentSyntaxImplementation.ts:157:17)\n    at Object.<anonymous> (C:\\MFBS\\Trabajo\\Learning\\Clean-Architecture-Backend\\src\\shared\\container.ts:35:52)\n    at Module._compile (node:internal/modules/cjs/loader:1554:14)\n    at Module.m._compile (C:\\MFBS\\Trabajo\\Learning\\Clean-Architecture-Backend\\node_modules\\ts-node\\src\\index.ts:1618:23)\n    at node:internal/modules/cjs/loader:1706:10\n    at Object.require.extensions.<computed> [as .ts] (C:\\MFBS\\Trabajo\\Learning\\Clean-Architecture-Backend\\node_modules\\ts-node\\src\\index.ts:1621:12)\n    at Module.load (node:internal/modules/cjs/loader:1289:32)","trace":[{"column":11,"file":"C:\\MFBS\\Trabajo\\Learning\\Clean-Architecture-Backend\\node_modules\\@inversifyjs\\core\\src\\metadata\\calculations\\validateConstructorMetadataArray.ts","function":"validateConstructorMetadataArray","line":14,"method":null,"native":false},{"column":37,"file":"C:\\MFBS\\Trabajo\\Learning\\Clean-Architecture-Backend\\node_modules\\@inversifyjs\\core\\src\\metadata\\calculations\\getClassMetadata.ts","function":"getClassMetadata","line":19,"method":null,"native":false},{"column":58,"file":"C:\\MFBS\\Trabajo\\Learning\\Clean-Architecture-Backend\\node_modules\\@inversifyjs\\container\\src\\binding\\models\\BindingFluentSyntaxImplementation.ts","function":"BindToFluentSyntaxImplementation.to","line":127,"method":"to","native":false},{"column":17,"file":"C:\\MFBS\\Trabajo\\Learning\\Clean-Architecture-Backend\\node_modules\\@inversifyjs\\container\\src\\binding\\models\\BindingFluentSyntaxImplementation.ts","function":"BindToFluentSyntaxImplementation.toSelf","line":157,"method":"toSelf","native":false},{"column":52,"file":"C:\\MFBS\\Trabajo\\Learning\\Clean-Architecture-Backend\\src\\shared\\container.ts","function":null,"line":35,"method":null,"native":false},{"column":14,"file":"node:internal/modules/cjs/loader","function":"Module._compile","line":1554,"method":"_compile","native":false},{"column":23,"file":"C:\\MFBS\\Trabajo\\Learning\\Clean-Architecture-Backend\\node_modules\\ts-node\\src\\index.ts","function":"Module.m._compile","line":1618,"method":"_compile","native":false},{"column":10,"file":"node:internal/modules/cjs/loader","function":null,"line":1706,"method":null,"native":false},{"column":12,"file":"C:\\MFBS\\Trabajo\\Learning\\Clean-Architecture-Backend\\node_modules\\ts-node\\src\\index.ts","function":"Object.require.extensions.<computed> [as .ts]","line":1621,"method":"ts]","native":false},{"column":32,"file":"node:internal/modules/cjs/loader","function":"Module.load","line":1289,"method":"load","native":false}]}
{"date":"Mon Jun 23 2025 19:13:48 GMT-0400 (hora de Venezuela)","error":{"kind":1},"exception":true,"level":"error","message":"uncaughtException: Found unexpected missing metadata on type \"EmployeeUseCases\". \"EmployeeUseCases\" constructor requires at least 1 arguments, found 0 instead.\nAre you using @inject, @multiInject or @unmanaged decorators in every non optional constructor argument?\n\nIf you're using typescript and want to rely on auto injection, set \"emitDecoratorMetadata\" compiler option to true\nError: Found unexpected missing metadata on type \"EmployeeUseCases\". \"EmployeeUseCases\" constructor requires at least 1 arguments, found 0 instead.\nAre you using @inject, @multiInject or @unmanaged decorators in every non optional constructor argument?\n\nIf you're using typescript and want to rely on auto injection, set \"emitDecoratorMetadata\" compiler option to true\n    at validateConstructorMetadataArray (C:\\MFBS\\Trabajo\\Learning\\Clean-Architecture-Backend\\node_modules\\@inversifyjs\\core\\src\\metadata\\calculations\\validateConstructorMetadataArray.ts:14:11)\n    at getClassMetadata (C:\\MFBS\\Trabajo\\Learning\\Clean-Architecture-Backend\\node_modules\\@inversifyjs\\core\\src\\metadata\\calculations\\getClassMetadata.ts:19:37)\n    at BindToFluentSyntaxImplementation.to (C:\\MFBS\\Trabajo\\Learning\\Clean-Architecture-Backend\\node_modules\\@inversifyjs\\container\\src\\binding\\models\\BindingFluentSyntaxImplementation.ts:127:58)\n    at BindToFluentSyntaxImplementation.toSelf (C:\\MFBS\\Trabajo\\Learning\\Clean-Architecture-Backend\\node_modules\\@inversifyjs\\container\\src\\binding\\models\\BindingFluentSyntaxImplementation.ts:157:17)\n    at Object.<anonymous> (C:\\MFBS\\Trabajo\\Learning\\Clean-Architecture-Backend\\src\\shared\\container.ts:35:52)\n    at Module._compile (node:internal/modules/cjs/loader:1554:14)\n    at Module.m._compile (C:\\MFBS\\Trabajo\\Learning\\Clean-Architecture-Backend\\node_modules\\ts-node\\src\\index.ts:1618:23)\n    at node:internal/modules/cjs/loader:1706:10\n    at Object.require.extensions.<computed> [as .ts] (C:\\MFBS\\Trabajo\\Learning\\Clean-Architecture-Backend\\node_modules\\ts-node\\src\\index.ts:1621:12)\n    at Module.load (node:internal/modules/cjs/loader:1289:32)","os":{"loadavg":[0,0,0],"uptime":986558.578},"process":{"argv":["C:\\MFBS\\Trabajo\\Learning\\Clean-Architecture-Backend\\node_modules\\ts-node\\dist\\bin.js","C:\\MFBS\\Trabajo\\Learning\\Clean-Architecture-Backend\\src\\index.ts"],"cwd":"C:\\MFBS\\Trabajo\\Learning\\Clean-Architecture-Backend","execPath":"C:\\Program Files\\nodejs\\node.exe","gid":null,"memoryUsage":{"arrayBuffers":4883515,"external":7968580,"heapTotal":191213568,"heapUsed":159302768,"rss":239820800},"pid":5948,"uid":null,"version":"v22.14.0"},"stack":"Error: Found unexpected missing metadata on type \"EmployeeUseCases\". \"EmployeeUseCases\" constructor requires at least 1 arguments, found 0 instead.\nAre you using @inject, @multiInject or @unmanaged decorators in every non optional constructor argument?\n\nIf you're using typescript and want to rely on auto injection, set \"emitDecoratorMetadata\" compiler option to true\n    at validateConstructorMetadataArray (C:\\MFBS\\Trabajo\\Learning\\Clean-Architecture-Backend\\node_modules\\@inversifyjs\\core\\src\\metadata\\calculations\\validateConstructorMetadataArray.ts:14:11)\n    at getClassMetadata (C:\\MFBS\\Trabajo\\Learning\\Clean-Architecture-Backend\\node_modules\\@inversifyjs\\core\\src\\metadata\\calculations\\getClassMetadata.ts:19:37)\n    at BindToFluentSyntaxImplementation.to (C:\\MFBS\\Trabajo\\Learning\\Clean-Architecture-Backend\\node_modules\\@inversifyjs\\container\\src\\binding\\models\\BindingFluentSyntaxImplementation.ts:127:58)\n    at BindToFluentSyntaxImplementation.toSelf (C:\\MFBS\\Trabajo\\Learning\\Clean-Architecture-Backend\\node_modules\\@inversifyjs\\container\\src\\binding\\models\\BindingFluentSyntaxImplementation.ts:157:17)\n    at Object.<anonymous> (C:\\MFBS\\Trabajo\\Learning\\Clean-Architecture-Backend\\src\\shared\\container.ts:35:52)\n    at Module._compile (node:internal/modules/cjs/loader:1554:14)\n    at Module.m._compile (C:\\MFBS\\Trabajo\\Learning\\Clean-Architecture-Backend\\node_modules\\ts-node\\src\\index.ts:1618:23)\n    at node:internal/modules/cjs/loader:1706:10\n    at Object.require.extensions.<computed> [as .ts] (C:\\MFBS\\Trabajo\\Learning\\Clean-Architecture-Backend\\node_modules\\ts-node\\src\\index.ts:1621:12)\n    at Module.load (node:internal/modules/cjs/loader:1289:32)","trace":[{"column":11,"file":"C:\\MFBS\\Trabajo\\Learning\\Clean-Architecture-Backend\\node_modules\\@inversifyjs\\core\\src\\metadata\\calculations\\validateConstructorMetadataArray.ts","function":"validateConstructorMetadataArray","line":14,"method":null,"native":false},{"column":37,"file":"C:\\MFBS\\Trabajo\\Learning\\Clean-Architecture-Backend\\node_modules\\@inversifyjs\\core\\src\\metadata\\calculations\\getClassMetadata.ts","function":"getClassMetadata","line":19,"method":null,"native":false},{"column":58,"file":"C:\\MFBS\\Trabajo\\Learning\\Clean-Architecture-Backend\\node_modules\\@inversifyjs\\container\\src\\binding\\models\\BindingFluentSyntaxImplementation.ts","function":"BindToFluentSyntaxImplementation.to","line":127,"method":"to","native":false},{"column":17,"file":"C:\\MFBS\\Trabajo\\Learning\\Clean-Architecture-Backend\\node_modules\\@inversifyjs\\container\\src\\binding\\models\\BindingFluentSyntaxImplementation.ts","function":"BindToFluentSyntaxImplementation.toSelf","line":157,"method":"toSelf","native":false},{"column":52,"file":"C:\\MFBS\\Trabajo\\Learning\\Clean-Architecture-Backend\\src\\shared\\container.ts","function":null,"line":35,"method":null,"native":false},{"column":14,"file":"node:internal/modules/cjs/loader","function":"Module._compile","line":1554,"method":"_compile","native":false},{"column":23,"file":"C:\\MFBS\\Trabajo\\Learning\\Clean-Architecture-Backend\\node_modules\\ts-node\\src\\index.ts","function":"Module.m._compile","line":1618,"method":"_compile","native":false},{"column":10,"file":"node:internal/modules/cjs/loader","function":null,"line":1706,"method":null,"native":false},{"column":12,"file":"C:\\MFBS\\Trabajo\\Learning\\Clean-Architecture-Backend\\node_modules\\ts-node\\src\\index.ts","function":"Object.require.extensions.<computed> [as .ts]","line":1621,"method":"ts]","native":false},{"column":32,"file":"node:internal/modules/cjs/loader","function":"Module.load","line":1289,"method":"load","native":false}]}
{"date":"Mon Jun 23 2025 19:21:52 GMT-0400 (hora de Venezuela)","error":{"kind":1},"exception":true,"level":"error","message":"uncaughtException: Found unexpected missing metadata on type \"EmployeeUseCases\". \"EmployeeUseCases\" constructor requires at least 1 arguments, found 0 instead.\nAre you using @inject, @multiInject or @unmanaged decorators in every non optional constructor argument?\n\nIf you're using typescript and want to rely on auto injection, set \"emitDecoratorMetadata\" compiler option to true\nError: Found unexpected missing metadata on type \"EmployeeUseCases\". \"EmployeeUseCases\" constructor requires at least 1 arguments, found 0 instead.\nAre you using @inject, @multiInject or @unmanaged decorators in every non optional constructor argument?\n\nIf you're using typescript and want to rely on auto injection, set \"emitDecoratorMetadata\" compiler option to true\n    at validateConstructorMetadataArray (C:\\MFBS\\Trabajo\\Learning\\Clean-Architecture-Backend\\node_modules\\@inversifyjs\\core\\src\\metadata\\calculations\\validateConstructorMetadataArray.ts:14:11)\n    at getClassMetadata (C:\\MFBS\\Trabajo\\Learning\\Clean-Architecture-Backend\\node_modules\\@inversifyjs\\core\\src\\metadata\\calculations\\getClassMetadata.ts:19:37)\n    at BindToFluentSyntaxImplementation.to (C:\\MFBS\\Trabajo\\Learning\\Clean-Architecture-Backend\\node_modules\\@inversifyjs\\container\\src\\binding\\models\\BindingFluentSyntaxImplementation.ts:127:58)\n    at BindToFluentSyntaxImplementation.toSelf (C:\\MFBS\\Trabajo\\Learning\\Clean-Architecture-Backend\\node_modules\\@inversifyjs\\container\\src\\binding\\models\\BindingFluentSyntaxImplementation.ts:157:17)\n    at Object.<anonymous> (C:\\MFBS\\Trabajo\\Learning\\Clean-Architecture-Backend\\src\\shared\\container.ts:35:52)\n    at Module._compile (node:internal/modules/cjs/loader:1554:14)\n    at Module.m._compile (C:\\MFBS\\Trabajo\\Learning\\Clean-Architecture-Backend\\node_modules\\ts-node\\src\\index.ts:1618:23)\n    at node:internal/modules/cjs/loader:1706:10\n    at Object.require.extensions.<computed> [as .ts] (C:\\MFBS\\Trabajo\\Learning\\Clean-Architecture-Backend\\node_modules\\ts-node\\src\\index.ts:1621:12)\n    at Module.load (node:internal/modules/cjs/loader:1289:32)","os":{"loadavg":[0,0,0],"uptime":987042.89},"process":{"argv":["C:\\MFBS\\Trabajo\\Learning\\Clean-Architecture-Backend\\node_modules\\ts-node\\dist\\bin.js","C:\\MFBS\\Trabajo\\Learning\\Clean-Architecture-Backend\\src\\index.ts"],"cwd":"C:\\MFBS\\Trabajo\\Learning\\Clean-Architecture-Backend","execPath":"C:\\Program Files\\nodejs\\node.exe","gid":null,"memoryUsage":{"arrayBuffers":4895218,"external":7963366,"heapTotal":190951424,"heapUsed":160765792,"rss":241623040},"pid":18884,"uid":null,"version":"v22.14.0"},"stack":"Error: Found unexpected missing metadata on type \"EmployeeUseCases\". \"EmployeeUseCases\" constructor requires at least 1 arguments, found 0 instead.\nAre you using @inject, @multiInject or @unmanaged decorators in every non optional constructor argument?\n\nIf you're using typescript and want to rely on auto injection, set \"emitDecoratorMetadata\" compiler option to true\n    at validateConstructorMetadataArray (C:\\MFBS\\Trabajo\\Learning\\Clean-Architecture-Backend\\node_modules\\@inversifyjs\\core\\src\\metadata\\calculations\\validateConstructorMetadataArray.ts:14:11)\n    at getClassMetadata (C:\\MFBS\\Trabajo\\Learning\\Clean-Architecture-Backend\\node_modules\\@inversifyjs\\core\\src\\metadata\\calculations\\getClassMetadata.ts:19:37)\n    at BindToFluentSyntaxImplementation.to (C:\\MFBS\\Trabajo\\Learning\\Clean-Architecture-Backend\\node_modules\\@inversifyjs\\container\\src\\binding\\models\\BindingFluentSyntaxImplementation.ts:127:58)\n    at BindToFluentSyntaxImplementation.toSelf (C:\\MFBS\\Trabajo\\Learning\\Clean-Architecture-Backend\\node_modules\\@inversifyjs\\container\\src\\binding\\models\\BindingFluentSyntaxImplementation.ts:157:17)\n    at Object.<anonymous> (C:\\MFBS\\Trabajo\\Learning\\Clean-Architecture-Backend\\src\\shared\\container.ts:35:52)\n    at Module._compile (node:internal/modules/cjs/loader:1554:14)\n    at Module.m._compile (C:\\MFBS\\Trabajo\\Learning\\Clean-Architecture-Backend\\node_modules\\ts-node\\src\\index.ts:1618:23)\n    at node:internal/modules/cjs/loader:1706:10\n    at Object.require.extensions.<computed> [as .ts] (C:\\MFBS\\Trabajo\\Learning\\Clean-Architecture-Backend\\node_modules\\ts-node\\src\\index.ts:1621:12)\n    at Module.load (node:internal/modules/cjs/loader:1289:32)","trace":[{"column":11,"file":"C:\\MFBS\\Trabajo\\Learning\\Clean-Architecture-Backend\\node_modules\\@inversifyjs\\core\\src\\metadata\\calculations\\validateConstructorMetadataArray.ts","function":"validateConstructorMetadataArray","line":14,"method":null,"native":false},{"column":37,"file":"C:\\MFBS\\Trabajo\\Learning\\Clean-Architecture-Backend\\node_modules\\@inversifyjs\\core\\src\\metadata\\calculations\\getClassMetadata.ts","function":"getClassMetadata","line":19,"method":null,"native":false},{"column":58,"file":"C:\\MFBS\\Trabajo\\Learning\\Clean-Architecture-Backend\\node_modules\\@inversifyjs\\container\\src\\binding\\models\\BindingFluentSyntaxImplementation.ts","function":"BindToFluentSyntaxImplementation.to","line":127,"method":"to","native":false},{"column":17,"file":"C:\\MFBS\\Trabajo\\Learning\\Clean-Architecture-Backend\\node_modules\\@inversifyjs\\container\\src\\binding\\models\\BindingFluentSyntaxImplementation.ts","function":"BindToFluentSyntaxImplementation.toSelf","line":157,"method":"toSelf","native":false},{"column":52,"file":"C:\\MFBS\\Trabajo\\Learning\\Clean-Architecture-Backend\\src\\shared\\container.ts","function":null,"line":35,"method":null,"native":false},{"column":14,"file":"node:internal/modules/cjs/loader","function":"Module._compile","line":1554,"method":"_compile","native":false},{"column":23,"file":"C:\\MFBS\\Trabajo\\Learning\\Clean-Architecture-Backend\\node_modules\\ts-node\\src\\index.ts","function":"Module.m._compile","line":1618,"method":"_compile","native":false},{"column":10,"file":"node:internal/modules/cjs/loader","function":null,"line":1706,"method":null,"native":false},{"column":12,"file":"C:\\MFBS\\Trabajo\\Learning\\Clean-Architecture-Backend\\node_modules\\ts-node\\src\\index.ts","function":"Object.require.extensions.<computed> [as .ts]","line":1621,"method":"ts]","native":false},{"column":32,"file":"node:internal/modules/cjs/loader","function":"Module.load","line":1289,"method":"load","native":false}]}
